Arguments: 
  /Users/iron/.nvm/versions/node/v8.11.2/bin/node /usr/local/Cellar/yarn/1.5.1_1/libexec/bin/yarn.js dev

PATH: 
  /usr/local/bin:/usr/bin:/bin:/usr/sbin:/sbin:/Library/TeX/texbin:/usr/local/share/dotnet:/opt/X11/bin:/Library/Frameworks/Mono.framework/Versions/Current/Commands:/Applications/Wireshark.app/Contents/MacOS:/Users/iron/.nvm/versions/node/v8.11.2/bin:/Users/iron/sqlplus:/Users/iron/Library/Android/sdk/tools:/Users/iron/Library/Android/sdk/tools/bin:/Users/iron/Library/Android/sdk/platform-tools:/Users/iron/flutter/bin:/Users/iron/go/bin:/Users/iron/Library/Android/sdk/tools:/Users/iron/Library/Android/sdk/tools/bin:/Users/iron/Library/Android/sdk/platform-tools:/Users/iron/flutter/bin:/Users/iron/go/bin

Yarn version: 
  1.5.1

Node version: 
  8.11.2

Platform: 
  darwin x64

npm manifest: 
  {
      "name": "vscode-miniprogram-highlight",
      "displayName": "miniprogram-highlight",
      "description": "提供小程序wxml和wxss的语法高亮",
      "version": "0.0.1",
      "publisher": "IronLu233",
      "engines": {
          "vscode": "^1.27.0"
      },
      "categories": [
          "Programming Languages"
      ],
      "contributes": {
          "languages": [
              {
                  "id": "wxml",
                  "aliases": [
                      "小程序WXML",
                      "wxml"
                  ],
                  "extensions": [
                      ".wxml"
                  ],
                  "configuration": "./syntaxes/wxml.language-configuration.json"
              }
          ],
          "grammars": [
              {
                  "language": "wxml",
                  "scopeName": "source.wxml",
                  "path": "./syntaxes/wxml.tmLanguage.json",
                  "embeddedLanguages": {
                      "text.html": "html"
                  }
              }
          ]
      }
  }

yarn manifest: 
  No manifest

Lockfile: 
  No lockfile

Trace: 
  Error: Command "dev" not found.
      at new MessageError (/usr/local/Cellar/yarn/1.5.1_1/libexec/lib/cli.js:186:110)
      at /usr/local/Cellar/yarn/1.5.1_1/libexec/lib/cli.js:87307:17
      at Generator.next (<anonymous>)
      at step (/usr/local/Cellar/yarn/1.5.1_1/libexec/lib/cli.js:98:30)
      at /usr/local/Cellar/yarn/1.5.1_1/libexec/lib/cli.js:116:14
      at new Promise (<anonymous>)
      at new F (/usr/local/Cellar/yarn/1.5.1_1/libexec/lib/cli.js:23451:28)
      at /usr/local/Cellar/yarn/1.5.1_1/libexec/lib/cli.js:95:12
      at runCommand (/usr/local/Cellar/yarn/1.5.1_1/libexec/lib/cli.js:87312:22)
      at Object.<anonymous> (/usr/local/Cellar/yarn/1.5.1_1/libexec/lib/cli.js:87412:14)
